0 info it worked if it ends with ok
1 verbose cli [ '/usr/bin/node', '/usr/bin/npm', 'adduser' ]
2 info using npm@1.4.28
3 info using node@v0.10.32
4 verbose node symlink /usr/bin/node
5 verbose adduser before first PUT { name: 'outrightmental',
5 verbose adduser   password: 'XXXXX',
5 verbose adduser   email: 'nick.c.kaye@gmail.com',
5 verbose adduser   _id: 'org.couchdb.user:outrightmental',
5 verbose adduser   type: 'user',
5 verbose adduser   roles: [],
5 verbose adduser   date: '2014-10-07T03:33:21.659Z' }
6 verbose request where is /-/user/org.couchdb.user:outrightmental
7 verbose request registry https://registry.npmjs.org/
8 verbose request id 201ce5f681455fdc
9 verbose url raw /-/user/org.couchdb.user:outrightmental
10 verbose url resolving [ 'https://registry.npmjs.org/',
10 verbose url resolving   './-/user/org.couchdb.user:outrightmental' ]
11 verbose url resolved https://registry.npmjs.org/-/user/org.couchdb.user:outrightmental
12 verbose request where is https://registry.npmjs.org/-/user/org.couchdb.user:outrightmental
13 info trying registry request attempt 1 at 23:33:21
14 http PUT https://registry.npmjs.org/-/user/org.couchdb.user:outrightmental
15 http 409 https://registry.npmjs.org/-/user/org.couchdb.user:outrightmental
16 verbose headers { date: 'Tue, 07 Oct 2014 03:33:23 GMT',
16 verbose headers   server: 'CouchDB/1.5.0 (Erlang OTP/R16B03)',
16 verbose headers   'content-type': 'application/json',
16 verbose headers   'cache-control': 'max-age=60',
16 verbose headers   'content-length': '58',
16 verbose headers   'accept-ranges': 'bytes',
16 verbose headers   via: '1.1 varnish',
16 verbose headers   'x-served-by': 'cache-jfk1030-JFK',
16 verbose headers   'x-cache': 'MISS',
16 verbose headers   'x-cache-hits': '0',
16 verbose headers   'x-timer': 'S1412652803.216511,VS0,VE80',
16 verbose headers   'keep-alive': 'timeout=10, max=50',
16 verbose headers   connection: 'Keep-Alive' }
17 verbose adduser update existing user
18 verbose request where is /-/user/org.couchdb.user:outrightmental?write=true
19 verbose request registry https://registry.npmjs.org/
20 verbose url raw /-/user/org.couchdb.user:outrightmental?write=true
21 verbose url resolving [ 'https://registry.npmjs.org/',
21 verbose url resolving   './-/user/org.couchdb.user:outrightmental?write=true' ]
22 verbose url resolved https://registry.npmjs.org/-/user/org.couchdb.user:outrightmental?write=true
23 verbose request where is https://registry.npmjs.org/-/user/org.couchdb.user:outrightmental?write=true
24 info trying registry request attempt 1 at 23:33:23
25 http GET https://registry.npmjs.org/-/user/org.couchdb.user:outrightmental?write=true
26 http 200 https://registry.npmjs.org/-/user/org.couchdb.user:outrightmental?write=true
27 verbose adduser userobj { name: 'outrightmental',
27 verbose adduser   password: 'XXXXX',
27 verbose adduser   email: 'nick.c.kaye@gmail.com',
27 verbose adduser   _id: 'org.couchdb.user:outrightmental',
27 verbose adduser   type: 'user',
27 verbose adduser   roles: [],
27 verbose adduser   date: '2014-10-07T03:33:21.659Z' }
28 verbose request where is /-/user/org.couchdb.user:outrightmental/-rev/2-c629e968afca819b88df8d440b0658d0
29 verbose request registry https://registry.npmjs.org/
30 verbose url raw /-/user/org.couchdb.user:outrightmental/-rev/2-c629e968afca819b88df8d440b0658d0
31 verbose url resolving [ 'https://registry.npmjs.org/',
31 verbose url resolving   './-/user/org.couchdb.user:outrightmental/-rev/2-c629e968afca819b88df8d440b0658d0' ]
32 verbose url resolved https://registry.npmjs.org/-/user/org.couchdb.user:outrightmental/-rev/2-c629e968afca819b88df8d440b0658d0
33 verbose request where is https://registry.npmjs.org/-/user/org.couchdb.user:outrightmental/-rev/2-c629e968afca819b88df8d440b0658d0
34 info trying registry request attempt 1 at 23:33:23
35 http PUT https://registry.npmjs.org/-/user/org.couchdb.user:outrightmental/-rev/2-c629e968afca819b88df8d440b0658d0
36 http 403 https://registry.npmjs.org/-/user/org.couchdb.user:outrightmental/-rev/2-c629e968afca819b88df8d440b0658d0
37 verbose headers { date: 'Tue, 07 Oct 2014 03:33:24 GMT',
37 verbose headers   server: 'CouchDB/1.5.0 (Erlang OTP/R16B03)',
37 verbose headers   'content-type': 'application/json',
37 verbose headers   'cache-control': 'max-age=60',
37 verbose headers   'content-length': '124',
37 verbose headers   'accept-ranges': 'bytes',
37 verbose headers   via: '1.1 varnish',
37 verbose headers   'x-served-by': 'cache-jfk1029-JFK',
37 verbose headers   'x-cache': 'MISS',
37 verbose headers   'x-cache-hits': '0',
37 verbose headers   'x-timer': 'S1412652804.362073,VS0,VE83',
37 verbose headers   'keep-alive': 'timeout=10, max=50',
37 verbose headers   connection: 'Keep-Alive' }
38 verbose adduser back [ [Error: forbidden You may not change your email address
38 verbose adduser   Please visit https://npmjs.org/email-edit to do so.: -/user/org.couchdb.user:outrightmental/-rev/2-c629e968afca819b88df8d440b0658d0],
38 verbose adduser   { error: 'forbidden',
38 verbose adduser     reason: 'You may not change your email address\nPlease visit https://npmjs.org/email-edit to do so.' },
38 verbose adduser   '{"error":"forbidden","reason":"You may not change your email address\\nPlease visit https://npmjs.org/email-edit to do so."}' ]
39 warn adduser Incorrect username or password
39 warn adduser You can reset your account by visiting:
39 warn adduser
39 warn adduser     https://npmjs.org/forgot
40 error Error: forbidden You may not change your email address
40 error Please visit https://npmjs.org/email-edit to do so.: -/user/org.couchdb.user:outrightmental/-rev/2-c629e968afca819b88df8d440b0658d0
40 error     at RegClient.<anonymous> (/usr/lib/node_modules/npm/node_modules/npm-registry-client/lib/request.js:308:14)
40 error     at Request._callback (/usr/lib/node_modules/npm/node_modules/npm-registry-client/lib/request.js:246:65)
40 error     at Request.self.callback (/usr/lib/node_modules/npm/node_modules/request/request.js:236:22)
40 error     at Request.emit (events.js:98:17)
40 error     at Request.<anonymous> (/usr/lib/node_modules/npm/node_modules/request/request.js:1142:14)
40 error     at Request.emit (events.js:117:20)
40 error     at IncomingMessage.<anonymous> (/usr/lib/node_modules/npm/node_modules/request/request.js:1096:12)
40 error     at IncomingMessage.emit (events.js:117:20)
40 error     at _stream_readable.js:943:16
40 error     at process._tickCallback (node.js:419:13)
41 error If you need help, you may report this *entire* log,
41 error including the npm and node versions, at:
41 error     <http://github.com/npm/npm/issues>
42 error System Linux 3.13.0-36-generic
43 error command "/usr/bin/node" "/usr/bin/npm" "adduser"
44 error cwd /home/nick/Development/screencode-cli
45 error node -v v0.10.32
46 error npm -v 1.4.28
47 verbose exit [ 1, true ]
